
  .   ____          _            __ _ _
 /\\ / ___'_ __ _ _(_)_ __  __ _ \ \ \ \
( ( )\___ | '_ | '_| | '_ \/ _` | \ \ \ \
 \\/  ___)| |_)| | | | | || (_| |  ) ) ) )
  '  |____| .__|_| |_|_| |_\__, | / / / /
 =========|_|==============|___/=/_/_/_/
 :: Spring Boot ::                (v3.2.4)

2024-04-17T13:59:34.814Z  INFO 68343 --- [           main] c.elice.bookstore.BookStoreApplication   : Starting BookStoreApplication v0.0.1-SNAPSHOT using Java 17.0.10 with PID 68343 (/home/elice/bookstory/build/libs/book-store-0.0.1-SNAPSHOT.jar started by elice in /home/elice/bookstory)
2024-04-17T13:59:34.832Z  INFO 68343 --- [           main] c.elice.bookstore.BookStoreApplication   : No active profile set, falling back to 1 default profile: "default"
2024-04-17T13:59:39.337Z  INFO 68343 --- [           main] .s.d.r.c.RepositoryConfigurationDelegate : Bootstrapping Spring Data JPA repositories in DEFAULT mode.
2024-04-17T13:59:39.708Z  INFO 68343 --- [           main] .s.d.r.c.RepositoryConfigurationDelegate : Finished Spring Data repository scanning in 348 ms. Found 12 JPA repository interfaces.
2024-04-17T13:59:41.565Z  INFO 68343 --- [           main] o.s.b.w.embedded.tomcat.TomcatWebServer  : Tomcat initialized with port 8080 (http)
2024-04-17T13:59:41.642Z  INFO 68343 --- [           main] o.apache.catalina.core.StandardService   : Starting service [Tomcat]
2024-04-17T13:59:41.645Z  INFO 68343 --- [           main] o.apache.catalina.core.StandardEngine    : Starting Servlet engine: [Apache Tomcat/10.1.19]
2024-04-17T13:59:41.769Z  INFO 68343 --- [           main] o.a.c.c.C.[Tomcat].[localhost].[/]       : Initializing Spring embedded WebApplicationContext
2024-04-17T13:59:41.775Z  INFO 68343 --- [           main] w.s.c.ServletWebServerApplicationContext : Root WebApplicationContext: initialization completed in 6709 ms
2024-04-17T13:59:42.885Z  INFO 68343 --- [           main] o.hibernate.jpa.internal.util.LogHelper  : HHH000204: Processing PersistenceUnitInfo [name: default]
2024-04-17T13:59:43.158Z  INFO 68343 --- [           main] org.hibernate.Version                    : HHH000412: Hibernate ORM core version 6.4.4.Final
2024-04-17T13:59:43.272Z  INFO 68343 --- [           main] o.h.c.internal.RegionFactoryInitiator    : HHH000026: Second-level cache disabled
2024-04-17T13:59:44.085Z  INFO 68343 --- [           main] o.s.o.j.p.SpringPersistenceUnitInfo      : No LoadTimeWeaver setup: ignoring JPA class transformer
2024-04-17T13:59:44.236Z  INFO 68343 --- [           main] com.zaxxer.hikari.HikariDataSource       : HikariPool-1 - Starting...
2024-04-17T13:59:45.390Z  INFO 68343 --- [           main] com.zaxxer.hikari.pool.HikariPool        : HikariPool-1 - Added connection com.mysql.cj.jdbc.ConnectionImpl@520c3dcb
2024-04-17T13:59:45.395Z  INFO 68343 --- [           main] com.zaxxer.hikari.HikariDataSource       : HikariPool-1 - Start completed.
2024-04-17T13:59:49.644Z  INFO 68343 --- [           main] o.h.e.t.j.p.i.JtaPlatformInitiator       : HHH000489: No JTA platform available (set 'hibernate.transaction.jta.platform' to enable JTA platform integration)
2024-04-17T13:59:49.909Z  INFO 68343 --- [           main] p6spy                                    : #1713362389909 | took 34ms | statement | connection 1| url jdbc:mysql://localhost:5000/elice
select * from `elice`.`question` where 1=0
select * from `elice`.`question` where 1=0;
2024-04-17T13:59:49.946Z  INFO 68343 --- [           main] p6spy                                    : #1713362389946 | took 3ms | statement | connection 1| url jdbc:mysql://localhost:5000/elice
select * from `elice`.`book` where 1=0
select * from `elice`.`book` where 1=0;
2024-04-17T13:59:49.954Z  INFO 68343 --- [           main] p6spy                                    : #1713362389954 | took 1ms | statement | connection 1| url jdbc:mysql://localhost:5000/elice
select * from `elice`.`category` where 1=0
select * from `elice`.`category` where 1=0;
2024-04-17T13:59:49.979Z  INFO 68343 --- [           main] p6spy                                    : #1713362389978 | took 3ms | statement | connection 1| url jdbc:mysql://localhost:5000/elice
select * from `elice`.`user` where 1=0
select * from `elice`.`user` where 1=0;
2024-04-17T13:59:50.008Z  INFO 68343 --- [           main] p6spy                                    : #1713362390008 | took 1ms | statement | connection 1| url jdbc:mysql://localhost:5000/elice
select * from `elice`.`book` where 1=0
select * from `elice`.`book` where 1=0;
2024-04-17T13:59:50.022Z  INFO 68343 --- [           main] p6spy                                    : #1713362390022 | took 1ms | statement | connection 1| url jdbc:mysql://localhost:5000/elice
select * from `elice`.`cart` where 1=0
select * from `elice`.`cart` where 1=0;
2024-04-17T13:59:50.051Z  INFO 68343 --- [           main] p6spy                                    : #1713362390051 | took 2ms | statement | connection 1| url jdbc:mysql://localhost:5000/elice
select * from `elice`.`book_category` where 1=0
select * from `elice`.`book_category` where 1=0;
2024-04-17T13:59:50.065Z  INFO 68343 --- [           main] p6spy                                    : #1713362390065 | took 4ms | statement | connection 1| url jdbc:mysql://localhost:5000/elice
select * from `elice`.`category` where 1=0
select * from `elice`.`category` where 1=0;
2024-04-17T13:59:50.096Z  INFO 68343 --- [           main] p6spy                                    : #1713362390096 | took 6ms | statement | connection 1| url jdbc:mysql://localhost:5000/elice
select * from `elice`.`orders` where 1=0
select * from `elice`.`orders` where 1=0;
2024-04-17T13:59:50.117Z  INFO 68343 --- [           main] p6spy                                    : #1713362390117 | took 1ms | statement | connection 1| url jdbc:mysql://localhost:5000/elice
select * from `elice`.`book` where 1=0
select * from `elice`.`book` where 1=0;
2024-04-17T13:59:50.129Z  INFO 68343 --- [           main] p6spy                                    : #1713362390129 | took 1ms | statement | connection 1| url jdbc:mysql://localhost:5000/elice
select * from `elice`.`orders` where 1=0
select * from `elice`.`orders` where 1=0;
2024-04-17T13:59:50.137Z  INFO 68343 --- [           main] p6spy                                    : #1713362390137 | took 1ms | statement | connection 1| url jdbc:mysql://localhost:5000/elice
select * from `elice`.`user` where 1=0
select * from `elice`.`user` where 1=0;
2024-04-17T13:59:50.161Z  INFO 68343 --- [           main] p6spy                                    : #1713362390161 | took 1ms | statement | connection 1| url jdbc:mysql://localhost:5000/elice
select * from `elice`.`cart` where 1=0
select * from `elice`.`cart` where 1=0;
2024-04-17T13:59:50.167Z  INFO 68343 --- [           main] p6spy                                    : #1713362390167 | took 0ms | statement | connection 1| url jdbc:mysql://localhost:5000/elice
select * from `elice`.`user` where 1=0
select * from `elice`.`user` where 1=0;
2024-04-17T13:59:50.198Z  INFO 68343 --- [           main] p6spy                                    : #1713362390198 | took 1ms | statement | connection 1| url jdbc:mysql://localhost:5000/elice
select * from `elice`.`book` where 1=0
select * from `elice`.`book` where 1=0;
2024-04-17T13:59:50.204Z  INFO 68343 --- [           main] p6spy                                    : #1713362390204 | took 1ms | statement | connection 1| url jdbc:mysql://localhost:5000/elice
select * from `elice`.`user` where 1=0
select * from `elice`.`user` where 1=0;
2024-04-17T13:59:50.223Z  INFO 68343 --- [           main] p6spy                                    : #1713362390223 | took 1ms | statement | connection 1| url jdbc:mysql://localhost:5000/elice
select * from `elice`.`user` where 1=0
select * from `elice`.`user` where 1=0;
2024-04-17T13:59:50.227Z  INFO 68343 --- [           main] j.LocalContainerEntityManagerFactoryBean : Initialized JPA EntityManagerFactory for persistence unit 'default'
2024-04-17T13:59:52.737Z  INFO 68343 --- [           main] o.s.d.j.r.query.QueryEnhancerFactory     : Hibernate is in classpath; If applicable, HQL parser will be used.
2024-04-17T13:59:54.741Z  WARN 68343 --- [           main] JpaBaseConfiguration$JpaWebConfiguration : spring.jpa.open-in-view is enabled by default. Therefore, database queries may be performed during view rendering. Explicitly configure spring.jpa.open-in-view to disable this warning
2024-04-17T13:59:55.874Z  INFO 68343 --- [           main] o.s.s.web.DefaultSecurityFilterChain     : Will secure any request with [org.springframework.security.web.session.DisableEncodeUrlFilter@612c4c10, org.springframework.security.web.context.request.async.WebAsyncManagerIntegrationFilter@224bff6, org.springframework.security.web.context.SecurityContextHolderFilter@141962b8, org.springframework.security.web.header.HeaderWriterFilter@21d08148, org.springframework.web.filter.CorsFilter@22523986, com.elice.bookstore.config.security.filter.CustomLogoutFilter@5e05874c, org.springframework.security.web.authentication.logout.LogoutFilter@570fc662, org.springframework.security.oauth2.client.web.OAuth2AuthorizationRequestRedirectFilter@7d5b1446, org.springframework.security.oauth2.client.web.OAuth2LoginAuthenticationFilter@a0d3cc7, com.elice.bookstore.config.security.filter.JwtFilter@5dca1c50, com.elice.bookstore.config.security.filter.LoginFilter@7a36c310, org.springframework.security.web.authentication.ui.DefaultLoginPageGeneratingFilter@62f11904, org.springframework.security.web.authentication.ui.DefaultLogoutPageGeneratingFilter@491b5bd9, org.springframework.security.web.savedrequest.RequestCacheAwareFilter@27e688ad, org.springframework.security.web.servletapi.SecurityContextHolderAwareRequestFilter@4c9bf90b, org.springframework.security.web.authentication.AnonymousAuthenticationFilter@3bd69a51, org.springframework.security.web.session.SessionManagementFilter@42c8f458, org.springframework.security.web.access.ExceptionTranslationFilter@763ff91, org.springframework.security.web.access.intercept.AuthorizationFilter@4b8cf10f]
2024-04-17T13:59:55.896Z  WARN 68343 --- [           main] o.s.s.c.a.web.builders.WebSecurity       : 

********************************************************************
**********        Security debugging is enabled.       *************
**********    This may include sensitive information.  *************
**********      Do not use in a production system!     *************
********************************************************************


2024-04-17T13:59:56.337Z  WARN 68343 --- [           main] ion$DefaultTemplateResolverConfiguration : Cannot find template location: classpath:/templates/ (please add some templates, check your Thymeleaf configuration, or set spring.thymeleaf.check-template-location=false)
2024-04-17T13:59:56.871Z  INFO 68343 --- [           main] o.s.b.w.embedded.tomcat.TomcatWebServer  : Tomcat started on port 8080 (http) with context path ''
2024-04-17T13:59:56.899Z  INFO 68343 --- [           main] c.elice.bookstore.BookStoreApplication   : Started BookStoreApplication in 24.079 seconds (process running for 26.101)
2024-04-17T14:02:32.868Z  INFO 68343 --- [nio-8080-exec-1] o.a.c.c.C.[Tomcat].[localhost].[/]       : Initializing Spring DispatcherServlet 'dispatcherServlet'
2024-04-17T14:02:32.874Z  INFO 68343 --- [nio-8080-exec-1] o.s.web.servlet.DispatcherServlet        : Initializing Servlet 'dispatcherServlet'
2024-04-17T14:02:32.880Z  INFO 68343 --- [nio-8080-exec-1] o.s.web.servlet.DispatcherServlet        : Completed initialization in 5 ms
2024-04-17T14:02:32.936Z  INFO 68343 --- [nio-8080-exec-1] Spring Security Debugger                 : 

************************************************************

Request received for POST '/login':

org.apache.catalina.connector.RequestFacade@4e4a854

servletPath:/login
pathInfo:null
headers: 
access: eyJhbGciOiJIUzI1NiJ9.eyJ0eXBlIjoiYWNjZXNzIiwiaWQiOiIzMSIsInJvbGUiOiJVU0VSIiwiaWF0IjoxNzEzMzEyMDkwLCJleHAiOjE3MTMzMTI2OTB9.6JiXWlPiwJn2fh1luoQx1J5NMUghfZVsweLlAbTgM2Y
content-type: application/json
user-agent: PostmanRuntime/7.37.3
accept: */*
postman-token: f27c68e0-60d3-4f93-afa7-7435b1ca7479
host: 34.22.73.96:8080
accept-encoding: gzip, deflate, br
connection: keep-alive
content-length: 58


Security filter chain: [
  DisableEncodeUrlFilter
  WebAsyncManagerIntegrationFilter
  SecurityContextHolderFilter
  HeaderWriterFilter
  CorsFilter
  CustomLogoutFilter
  LogoutFilter
  OAuth2AuthorizationRequestRedirectFilter
  OAuth2LoginAuthenticationFilter
  JwtFilter
  LoginFilter
  DefaultLoginPageGeneratingFilter
  DefaultLogoutPageGeneratingFilter
  RequestCacheAwareFilter
  SecurityContextHolderAwareRequestFilter
  AnonymousAuthenticationFilter
  SessionManagementFilter
  ExceptionTranslationFilter
  AuthorizationFilter
]


************************************************************


2024-04-17T14:02:32.950Z  INFO 68343 --- [nio-8080-exec-1] c.e.b.c.s.filter.CustomLogoutFilter      : CustomLogoutFilter, /logout [POST] not match.
2024-04-17T14:02:33.190Z ERROR 68343 --- [nio-8080-exec-1] c.e.b.c.s.authentication.jwt.JwtUtil     : token is invalid: JWT expired 49863188 milliseconds ago at 2024-04-17T00:11:30.000Z. Current time: 2024-04-17T14:02:33.188Z. Allowed clock skew: 0 milliseconds.
2024-04-17T14:02:33.191Z ERROR 68343 --- [nio-8080-exec-1] c.e.b.config.security.filter.JwtFilter   : JwtFilter, refreshToken is invalid
2024-04-17T14:02:38.238Z  INFO 68343 --- [nio-8080-exec-2] Spring Security Debugger                 : 

************************************************************

Request received for POST '/login':

org.apache.catalina.connector.RequestFacade@99e97f2

servletPath:/login
pathInfo:null
headers: 
content-type: application/json
user-agent: PostmanRuntime/7.37.3
accept: */*
postman-token: 293dee74-8c55-4d3c-bfa1-ad5ad6464579
host: 34.22.73.96:8080
accept-encoding: gzip, deflate, br
connection: keep-alive
content-length: 58


Security filter chain: [
  DisableEncodeUrlFilter
  WebAsyncManagerIntegrationFilter
  SecurityContextHolderFilter
  HeaderWriterFilter
  CorsFilter
  CustomLogoutFilter
  LogoutFilter
  OAuth2AuthorizationRequestRedirectFilter
  OAuth2LoginAuthenticationFilter
  JwtFilter
  LoginFilter
  DefaultLoginPageGeneratingFilter
  DefaultLogoutPageGeneratingFilter
  RequestCacheAwareFilter
  SecurityContextHolderAwareRequestFilter
  AnonymousAuthenticationFilter
  SessionManagementFilter
  ExceptionTranslationFilter
  AuthorizationFilter
]


************************************************************


2024-04-17T14:02:38.240Z  INFO 68343 --- [nio-8080-exec-2] c.e.b.c.s.filter.CustomLogoutFilter      : CustomLogoutFilter, /logout [POST] not match.
2024-04-17T14:02:38.241Z  INFO 68343 --- [nio-8080-exec-2] c.e.b.config.security.filter.JwtFilter   : access token null
2024-04-17T14:02:38.551Z  INFO 68343 --- [nio-8080-exec-2] c.e.b.c.s.s.CustomUserDetailsService     : loadUserByUsername, email:elice@gmail.com
Hibernate: 
    select
        u1_0.id,
        u1_0.address,
        u1_0.created_at,
        u1_0.created_by,
        u1_0.date_of_birth,
        u1_0.email,
        u1_0.is_exist,
        u1_0.modified_by,
        u1_0.password,
        u1_0.phone_number,
        u1_0.point,
        u1_0.role,
        u1_0.updated_at,
        u1_0.user_id,
        u1_0.user_name 
    from
        user u1_0 
    where
        u1_0.email=? 
        and u1_0.is_exist=?
2024-04-17T14:02:38.855Z  INFO 68343 --- [nio-8080-exec-2] p6spy                                    : #1713362558855 | took 15ms | statement | connection 2| url jdbc:mysql://localhost:5000/elice
select u1_0.id,u1_0.address,u1_0.created_at,u1_0.created_by,u1_0.date_of_birth,u1_0.email,u1_0.is_exist,u1_0.modified_by,u1_0.password,u1_0.phone_number,u1_0.point,u1_0.role,u1_0.updated_at,u1_0.user_id,u1_0.user_name from user u1_0 where u1_0.email=? and u1_0.is_exist=?
select u1_0.id,u1_0.address,u1_0.created_at,u1_0.created_by,u1_0.date_of_birth,u1_0.email,u1_0.is_exist,u1_0.modified_by,u1_0.password,u1_0.phone_number,u1_0.point,u1_0.role,u1_0.updated_at,u1_0.user_id,u1_0.user_name from user u1_0 where u1_0.email='elice@gmail.com' and u1_0.is_exist=true;
2024-04-17T14:02:38.864Z ERROR 68343 --- [nio-8080-exec-2] c.e.b.c.security.filter.LoginFilter      : An internal error occurred while trying to authenticate the user.

org.springframework.security.authentication.InternalAuthenticationServiceException: The user doesn't exist.
	at org.springframework.security.authentication.dao.DaoAuthenticationProvider.retrieveUser(DaoAuthenticationProvider.java:118) ~[spring-security-core-6.2.3.jar!/:6.2.3]
	at org.springframework.security.authentication.dao.AbstractUserDetailsAuthenticationProvider.authenticate(AbstractUserDetailsAuthenticationProvider.java:133) ~[spring-security-core-6.2.3.jar!/:6.2.3]
	at org.springframework.security.authentication.ProviderManager.authenticate(ProviderManager.java:182) ~[spring-security-core-6.2.3.jar!/:6.2.3]
	at com.elice.bookstore.config.security.filter.LoginFilter.attemptAuthentication(LoginFilter.java:72) ~[!/:0.0.1-SNAPSHOT]
	at org.springframework.security.web.authentication.AbstractAuthenticationProcessingFilter.doFilter(AbstractAuthenticationProcessingFilter.java:231) ~[spring-security-web-6.2.3.jar!/:6.2.3]
	at org.springframework.security.web.authentication.AbstractAuthenticationProcessingFilter.doFilter(AbstractAuthenticationProcessingFilter.java:221) ~[spring-security-web-6.2.3.jar!/:6.2.3]
	at org.springframework.security.web.FilterChainProxy$VirtualFilterChain.doFilter(FilterChainProxy.java:374) ~[spring-security-web-6.2.3.jar!/:6.2.3]
	at com.elice.bookstore.config.security.filter.JwtFilter.doFilterInternal(JwtFilter.java:40) ~[!/:0.0.1-SNAPSHOT]
	at org.springframework.web.filter.OncePerRequestFilter.doFilter(OncePerRequestFilter.java:116) ~[spring-web-6.1.5.jar!/:6.1.5]
	at org.springframework.security.web.FilterChainProxy$VirtualFilterChain.doFilter(FilterChainProxy.java:374) ~[spring-security-web-6.2.3.jar!/:6.2.3]
	at org.springframework.security.web.authentication.AbstractAuthenticationProcessingFilter.doFilter(AbstractAuthenticationProcessingFilter.java:227) ~[spring-security-web-6.2.3.jar!/:6.2.3]
	at org.springframework.security.web.authentication.AbstractAuthenticationProcessingFilter.doFilter(AbstractAuthenticationProcessingFilter.java:221) ~[spring-security-web-6.2.3.jar!/:6.2.3]
	at org.springframework.security.web.FilterChainProxy$VirtualFilterChain.doFilter(FilterChainProxy.java:374) ~[spring-security-web-6.2.3.jar!/:6.2.3]
	at org.springframework.security.oauth2.client.web.OAuth2AuthorizationRequestRedirectFilter.doFilterInternal(OAuth2AuthorizationRequestRedirectFilter.java:181) ~[spring-security-oauth2-client-6.2.3.jar!/:6.2.3]
	at org.springframework.web.filter.OncePerRequestFilter.doFilter(OncePerRequestFilter.java:116) ~[spring-web-6.1.5.jar!/:6.1.5]
	at org.springframework.security.web.FilterChainProxy$VirtualFilterChain.doFilter(FilterChainProxy.java:374) ~[spring-security-web-6.2.3.jar!/:6.2.3]
	at org.springframework.security.web.authentication.logout.LogoutFilter.doFilter(LogoutFilter.java:107) ~[spring-security-web-6.2.3.jar!/:6.2.3]
	at org.springframework.security.web.authentication.logout.LogoutFilter.doFilter(LogoutFilter.java:93) ~[spring-security-web-6.2.3.jar!/:6.2.3]
	at org.springframework.security.web.FilterChainProxy$VirtualFilterChain.doFilter(FilterChainProxy.java:374) ~[spring-security-web-6.2.3.jar!/:6.2.3]
	at com.elice.bookstore.config.security.filter.CustomLogoutFilter.doFilter(CustomLogoutFilter.java:54) ~[!/:0.0.1-SNAPSHOT]
	at com.elice.bookstore.config.security.filter.CustomLogoutFilter.doFilter(CustomLogoutFilter.java:41) ~[!/:0.0.1-SNAPSHOT]
	at org.springframework.security.web.FilterChainProxy$VirtualFilterChain.doFilter(FilterChainProxy.java:374) ~[spring-security-web-6.2.3.jar!/:6.2.3]
	at org.springframework.web.filter.CorsFilter.doFilterInternal(CorsFilter.java:91) ~[spring-web-6.1.5.jar!/:6.1.5]
	at org.springframework.web.filter.OncePerRequestFilter.doFilter(OncePerRequestFilter.java:116) ~[spring-web-6.1.5.jar!/:6.1.5]
	at org.springframework.security.web.FilterChainProxy$VirtualFilterChain.doFilter(FilterChainProxy.java:374) ~[spring-security-web-6.2.3.jar!/:6.2.3]
	at org.springframework.security.web.header.HeaderWriterFilter.doHeadersAfter(HeaderWriterFilter.java:90) ~[spring-security-web-6.2.3.jar!/:6.2.3]
	at org.springframework.security.web.header.HeaderWriterFilter.doFilterInternal(HeaderWriterFilter.java:75) ~[spring-security-web-6.2.3.jar!/:6.2.3]
	at org.springframework.web.filter.OncePerRequestFilter.doFilter(OncePerRequestFilter.java:116) ~[spring-web-6.1.5.jar!/:6.1.5]
	at org.springframework.security.web.FilterChainProxy$VirtualFilterChain.doFilter(FilterChainProxy.java:374) ~[spring-security-web-6.2.3.jar!/:6.2.3]
	at org.springframework.security.web.context.SecurityContextHolderFilter.doFilter(SecurityContextHolderFilter.java:82) ~[spring-security-web-6.2.3.jar!/:6.2.3]
	at org.springframework.security.web.context.SecurityContextHolderFilter.doFilter(SecurityContextHolderFilter.java:69) ~[spring-security-web-6.2.3.jar!/:6.2.3]
	at org.springframework.security.web.FilterChainProxy$VirtualFilterChain.doFilter(FilterChainProxy.java:374) ~[spring-security-web-6.2.3.jar!/:6.2.3]
	at org.springframework.security.web.context.request.async.WebAsyncManagerIntegrationFilter.doFilterInternal(WebAsyncManagerIntegrationFilter.java:62) ~[spring-security-web-6.2.3.jar!/:6.2.3]
	at org.springframework.web.filter.OncePerRequestFilter.doFilter(OncePerRequestFilter.java:116) ~[spring-web-6.1.5.jar!/:6.1.5]
	at org.springframework.security.web.FilterChainProxy$VirtualFilterChain.doFilter(FilterChainProxy.java:374) ~[spring-security-web-6.2.3.jar!/:6.2.3]
	at org.springframework.security.web.session.DisableEncodeUrlFilter.doFilterInternal(DisableEncodeUrlFilter.java:42) ~[spring-security-web-6.2.3.jar!/:6.2.3]
	at org.springframework.web.filter.OncePerRequestFilter.doFilter(OncePerRequestFilter.java:116) ~[spring-web-6.1.5.jar!/:6.1.5]
	at org.springframework.security.web.FilterChainProxy$VirtualFilterChain.doFilter(FilterChainProxy.java:374) ~[spring-security-web-6.2.3.jar!/:6.2.3]
	at org.springframework.security.web.FilterChainProxy.doFilterInternal(FilterChainProxy.java:233) ~[spring-security-web-6.2.3.jar!/:6.2.3]
	at org.springframework.security.web.FilterChainProxy.doFilter(FilterChainProxy.java:191) ~[spring-security-web-6.2.3.jar!/:6.2.3]
	at org.springframework.security.web.debug.DebugFilter.invokeWithWrappedRequest(DebugFilter.java:90) ~[spring-security-web-6.2.3.jar!/:6.2.3]
	at org.springframework.security.web.debug.DebugFilter.doFilter(DebugFilter.java:78) ~[spring-security-web-6.2.3.jar!/:6.2.3]
	at org.springframework.security.web.debug.DebugFilter.doFilter(DebugFilter.java:67) ~[spring-security-web-6.2.3.jar!/:6.2.3]
	at org.springframework.web.filter.CompositeFilter$VirtualFilterChain.doFilter(CompositeFilter.java:113) ~[spring-web-6.1.5.jar!/:6.1.5]
	at org.springframework.web.servlet.handler.HandlerMappingIntrospector.lambda$createCacheFilter$3(HandlerMappingIntrospector.java:195) ~[spring-webmvc-6.1.5.jar!/:6.1.5]
	at org.springframework.web.filter.CompositeFilter$VirtualFilterChain.doFilter(CompositeFilter.java:113) ~[spring-web-6.1.5.jar!/:6.1.5]
	at org.springframework.web.filter.CompositeFilter.doFilter(CompositeFilter.java:74) ~[spring-web-6.1.5.jar!/:6.1.5]
	at org.springframework.security.config.annotation.web.configuration.WebMvcSecurityConfiguration$CompositeFilterChainProxy.doFilter(WebMvcSecurityConfiguration.java:230) ~[spring-security-config-6.2.3.jar!/:6.2.3]
	at org.springframework.web.filter.DelegatingFilterProxy.invokeDelegate(DelegatingFilterProxy.java:352) ~[spring-web-6.1.5.jar!/:6.1.5]
	at org.springframework.web.filter.DelegatingFilterProxy.doFilter(DelegatingFilterProxy.java:268) ~[spring-web-6.1.5.jar!/:6.1.5]
	at org.apache.catalina.core.ApplicationFilterChain.internalDoFilter(ApplicationFilterChain.java:174) ~[tomcat-embed-core-10.1.19.jar!/:na]
	at org.apache.catalina.core.ApplicationFilterChain.doFilter(ApplicationFilterChain.java:149) ~[tomcat-embed-core-10.1.19.jar!/:na]
	at org.springframework.web.filter.RequestContextFilter.doFilterInternal(RequestContextFilter.java:100) ~[spring-web-6.1.5.jar!/:6.1.5]
	at org.springframework.web.filter.OncePerRequestFilter.doFilter(OncePerRequestFilter.java:116) ~[spring-web-6.1.5.jar!/:6.1.5]
	at org.apache.catalina.core.ApplicationFilterChain.internalDoFilter(ApplicationFilterChain.java:174) ~[tomcat-embed-core-10.1.19.jar!/:na]
	at org.apache.catalina.core.ApplicationFilterChain.doFilter(ApplicationFilterChain.java:149) ~[tomcat-embed-core-10.1.19.jar!/:na]
	at org.springframework.web.filter.FormContentFilter.doFilterInternal(FormContentFilter.java:93) ~[spring-web-6.1.5.jar!/:6.1.5]
	at org.springframework.web.filter.OncePerRequestFilter.doFilter(OncePerRequestFilter.java:116) ~[spring-web-6.1.5.jar!/:6.1.5]
	at org.apache.catalina.core.ApplicationFilterChain.internalDoFilter(ApplicationFilterChain.java:174) ~[tomcat-embed-core-10.1.19.jar!/:na]
	at org.apache.catalina.core.ApplicationFilterChain.doFilter(ApplicationFilterChain.java:149) ~[tomcat-embed-core-10.1.19.jar!/:na]
	at org.springframework.web.filter.CharacterEncodingFilter.doFilterInternal(CharacterEncodingFilter.java:201) ~[spring-web-6.1.5.jar!/:6.1.5]
	at org.springframework.web.filter.OncePerRequestFilter.doFilter(OncePerRequestFilter.java:116) ~[spring-web-6.1.5.jar!/:6.1.5]
	at org.apache.catalina.core.ApplicationFilterChain.internalDoFilter(ApplicationFilterChain.java:174) ~[tomcat-embed-core-10.1.19.jar!/:na]
	at org.apache.catalina.core.ApplicationFilterChain.doFilter(ApplicationFilterChain.java:149) ~[tomcat-embed-core-10.1.19.jar!/:na]
	at org.apache.catalina.core.StandardWrapperValve.invoke(StandardWrapperValve.java:167) ~[tomcat-embed-core-10.1.19.jar!/:na]
	at org.apache.catalina.core.StandardContextValve.invoke(StandardContextValve.java:90) ~[tomcat-embed-core-10.1.19.jar!/:na]
	at org.apache.catalina.authenticator.AuthenticatorBase.invoke(AuthenticatorBase.java:482) ~[tomcat-embed-core-10.1.19.jar!/:na]
	at org.apache.catalina.core.StandardHostValve.invoke(StandardHostValve.java:115) ~[tomcat-embed-core-10.1.19.jar!/:na]
	at org.apache.catalina.valves.ErrorReportValve.invoke(ErrorReportValve.java:93) ~[tomcat-embed-core-10.1.19.jar!/:na]
	at org.apache.catalina.core.StandardEngineValve.invoke(StandardEngineValve.java:74) ~[tomcat-embed-core-10.1.19.jar!/:na]
	at org.apache.catalina.connector.CoyoteAdapter.service(CoyoteAdapter.java:344) ~[tomcat-embed-core-10.1.19.jar!/:na]
	at org.apache.coyote.http11.Http11Processor.service(Http11Processor.java:391) ~[tomcat-embed-core-10.1.19.jar!/:na]
	at org.apache.coyote.AbstractProcessorLight.process(AbstractProcessorLight.java:63) ~[tomcat-embed-core-10.1.19.jar!/:na]
	at org.apache.coyote.AbstractProtocol$ConnectionHandler.process(AbstractProtocol.java:896) ~[tomcat-embed-core-10.1.19.jar!/:na]
	at org.apache.tomcat.util.net.NioEndpoint$SocketProcessor.doRun(NioEndpoint.java:1744) ~[tomcat-embed-core-10.1.19.jar!/:na]
	at org.apache.tomcat.util.net.SocketProcessorBase.run(SocketProcessorBase.java:52) ~[tomcat-embed-core-10.1.19.jar!/:na]
	at org.apache.tomcat.util.threads.ThreadPoolExecutor.runWorker(ThreadPoolExecutor.java:1191) ~[tomcat-embed-core-10.1.19.jar!/:na]
	at org.apache.tomcat.util.threads.ThreadPoolExecutor$Worker.run(ThreadPoolExecutor.java:659) ~[tomcat-embed-core-10.1.19.jar!/:na]
	at org.apache.tomcat.util.threads.TaskThread$WrappingRunnable.run(TaskThread.java:63) ~[tomcat-embed-core-10.1.19.jar!/:na]
	at java.base/java.lang.Thread.run(Thread.java:840) ~[na:na]
Caused by: com.elice.bookstore.config.exception.domain.user.UserNotExistException: The user doesn't exist.
	at java.base/java.util.Optional.orElseThrow(Optional.java:403) ~[na:na]
	at com.elice.bookstore.config.security.service.CustomUserDetailsService.loadUserByUsername(CustomUserDetailsService.java:30) ~[!/:0.0.1-SNAPSHOT]
	at org.springframework.security.authentication.dao.DaoAuthenticationProvider.retrieveUser(DaoAuthenticationProvider.java:103) ~[spring-security-core-6.2.3.jar!/:6.2.3]
	... 79 common frames omitted

2024-04-17T14:02:53.391Z  INFO 68343 --- [nio-8080-exec-3] Spring Security Debugger                 : 

************************************************************

Request received for POST '/api/v1/test':

org.apache.catalina.connector.RequestFacade@4468d02f

servletPath:/api/v1/test
pathInfo:null
headers: 
host: localhost:8080
connection: close
content-length: 58
content-type: application/json
user-agent: PostmanRuntime/7.37.3
accept: */*
postman-token: 84bdda3d-c4a0-4f11-917a-5a5556615d5a
accept-encoding: gzip, deflate, br


Security filter chain: [
  DisableEncodeUrlFilter
  WebAsyncManagerIntegrationFilter
  SecurityContextHolderFilter
  HeaderWriterFilter
  CorsFilter
  CustomLogoutFilter
  LogoutFilter
  OAuth2AuthorizationRequestRedirectFilter
  OAuth2LoginAuthenticationFilter
  JwtFilter
  LoginFilter
  DefaultLoginPageGeneratingFilter
  DefaultLogoutPageGeneratingFilter
  RequestCacheAwareFilter
  SecurityContextHolderAwareRequestFilter
  AnonymousAuthenticationFilter
  SessionManagementFilter
  ExceptionTranslationFilter
  AuthorizationFilter
]


************************************************************


2024-04-17T14:02:53.392Z  INFO 68343 --- [nio-8080-exec-3] c.e.b.c.s.filter.CustomLogoutFilter      : CustomLogoutFilter, /logout [POST] not match.
2024-04-17T14:02:53.393Z  INFO 68343 --- [nio-8080-exec-3] c.e.b.config.security.filter.JwtFilter   : access token null
2024-04-17T14:03:43.352Z  INFO 68343 --- [nio-8080-exec-5] Spring Security Debugger                 : 

************************************************************

Request received for POST '/api/v1/test':

org.apache.catalina.connector.RequestFacade@756c7430

servletPath:/api/v1/test
pathInfo:null
headers: 
host: localhost:8080
connection: close
content-length: 58
content-type: application/json
user-agent: PostmanRuntime/7.37.3
accept: */*
postman-token: 840c6e1f-50e9-472a-be48-663e31a9070d
accept-encoding: gzip, deflate, br


Security filter chain: [
  DisableEncodeUrlFilter
  WebAsyncManagerIntegrationFilter
  SecurityContextHolderFilter
  HeaderWriterFilter
  CorsFilter
  CustomLogoutFilter
  LogoutFilter
  OAuth2AuthorizationRequestRedirectFilter
  OAuth2LoginAuthenticationFilter
  JwtFilter
  LoginFilter
  DefaultLoginPageGeneratingFilter
  DefaultLogoutPageGeneratingFilter
  RequestCacheAwareFilter
  SecurityContextHolderAwareRequestFilter
  AnonymousAuthenticationFilter
  SessionManagementFilter
  ExceptionTranslationFilter
  AuthorizationFilter
]


************************************************************


2024-04-17T14:03:43.353Z  INFO 68343 --- [nio-8080-exec-5] c.e.b.c.s.filter.CustomLogoutFilter      : CustomLogoutFilter, /logout [POST] not match.
2024-04-17T14:03:43.353Z  INFO 68343 --- [nio-8080-exec-5] c.e.b.config.security.filter.JwtFilter   : access token null
2024-04-17T14:08:33.565Z  INFO 68343 --- [nio-8080-exec-6] Spring Security Debugger                 : 

************************************************************

Request received for OPTIONS '/api/v1/signup':

org.apache.catalina.connector.RequestFacade@3dc01d8c

servletPath:/api/v1/signup
pathInfo:null
headers: 
host: 34.22.73.96:8080
connection: keep-alive
pragma: no-cache
cache-control: no-cache
accept: */*
access-control-request-method: POST
access-control-request-headers: content-type
origin: http://34.22.73.96
user-agent: Mozilla/5.0 (Macintosh; Intel Mac OS X 10_15_7) AppleWebKit/537.36 (KHTML, like Gecko) Chrome/123.0.0.0 Safari/537.36
sec-fetch-mode: cors
referer: http://34.22.73.96/
accept-encoding: gzip, deflate
accept-language: ko,en-US;q=0.9,en;q=0.8


Security filter chain: [
  DisableEncodeUrlFilter
  WebAsyncManagerIntegrationFilter
  SecurityContextHolderFilter
  HeaderWriterFilter
  CorsFilter
  CustomLogoutFilter
  LogoutFilter
  OAuth2AuthorizationRequestRedirectFilter
  OAuth2LoginAuthenticationFilter
  JwtFilter
  LoginFilter
  DefaultLoginPageGeneratingFilter
  DefaultLogoutPageGeneratingFilter
  RequestCacheAwareFilter
  SecurityContextHolderAwareRequestFilter
  AnonymousAuthenticationFilter
  SessionManagementFilter
  ExceptionTranslationFilter
  AuthorizationFilter
]


************************************************************


2024-04-17T14:08:33.612Z  INFO 68343 --- [nio-8080-exec-7] Spring Security Debugger                 : 

************************************************************

Request received for POST '/api/v1/signup':

org.apache.catalina.connector.RequestFacade@70dc729f

servletPath:/api/v1/signup
pathInfo:null
headers: 
host: 34.22.73.96:8080
connection: keep-alive
content-length: 117
pragma: no-cache
cache-control: no-cache
accept: application/json, text/plain, */*
user-agent: Mozilla/5.0 (Macintosh; Intel Mac OS X 10_15_7) AppleWebKit/537.36 (KHTML, like Gecko) Chrome/123.0.0.0 Safari/537.36
content-type: application/json
origin: http://34.22.73.96
referer: http://34.22.73.96/
accept-encoding: gzip, deflate
accept-language: ko,en-US;q=0.9,en;q=0.8


Security filter chain: [
  DisableEncodeUrlFilter
  WebAsyncManagerIntegrationFilter
  SecurityContextHolderFilter
  HeaderWriterFilter
  CorsFilter
  CustomLogoutFilter
  LogoutFilter
  OAuth2AuthorizationRequestRedirectFilter
  OAuth2LoginAuthenticationFilter
  JwtFilter
  LoginFilter
  DefaultLoginPageGeneratingFilter
  DefaultLogoutPageGeneratingFilter
  RequestCacheAwareFilter
  SecurityContextHolderAwareRequestFilter
  AnonymousAuthenticationFilter
  SessionManagementFilter
  ExceptionTranslationFilter
  AuthorizationFilter
]


************************************************************


2024-04-17T14:08:33.620Z  INFO 68343 --- [nio-8080-exec-7] c.e.b.c.s.filter.CustomLogoutFilter      : CustomLogoutFilter, /logout [POST] not match.
2024-04-17T14:08:33.621Z  INFO 68343 --- [nio-8080-exec-7] c.e.b.config.security.filter.JwtFilter   : access token null
Hibernate: 
    select
        u1_0.id 
    from
        user u1_0 
    where
        u1_0.email=? 
        and u1_0.is_exist=? 
    limit
        ?
2024-04-17T14:08:33.848Z  INFO 68343 --- [nio-8080-exec-7] p6spy                                    : #1713362913848 | took 25ms | statement | connection 3| url jdbc:mysql://localhost:5000/elice
select u1_0.id from user u1_0 where u1_0.email=? and u1_0.is_exist=? limit ?
select u1_0.id from user u1_0 where u1_0.email='elice@gmail.com' and u1_0.is_exist=true limit 1;
Hibernate: 
    insert 
    into
        user
        (address, created_at, created_by, date_of_birth, email, is_exist, modified_by, password, phone_number, point, role, updated_at, user_id, user_name) 
    values
        (?, ?, ?, ?, ?, ?, ?, ?, ?, ?, ?, ?, ?, ?)
2024-04-17T14:08:34.208Z  INFO 68343 --- [nio-8080-exec-7] p6spy                                    : #1713362914208 | took 32ms | statement | connection 3| url jdbc:mysql://localhost:5000/elice
insert into user (address,created_at,created_by,date_of_birth,email,is_exist,modified_by,password,phone_number,point,role,updated_at,user_id,user_name) values (?,?,?,?,?,?,?,?,?,?,?,?,?,?)
insert into user (address,created_at,created_by,date_of_birth,email,is_exist,modified_by,password,phone_number,point,role,updated_at,user_id,user_name) values (NULL,'2024-04-17T14:08:34.086+0000',NULL,NULL,'elice@gmail.com',true,NULL,'$2a$10$FQQJylEKBrh2S1tmssx0Zu3b4RLf.XKozvSkUXHrmcsWr/5c8P55C','010-1111-2222',0,'USER','2024-04-17T14:08:34.086+0000','elice@gmail.com','elice');
2024-04-17T14:08:34.242Z  INFO 68343 --- [nio-8080-exec-7] p6spy                                    : #1713362914242 | took 7ms | commit | connection 3| url jdbc:mysql://localhost:5000/elice

;
2024-04-17T14:11:16.092Z  INFO 68343 --- [nio-8080-exec-9] Spring Security Debugger                 : 

************************************************************

Request received for OPTIONS '/login':

org.apache.catalina.connector.RequestFacade@787c9bb7

servletPath:/login
pathInfo:null
headers: 
host: 34.22.73.96:8080
connection: keep-alive
pragma: no-cache
cache-control: no-cache
accept: */*
access-control-request-method: POST
access-control-request-headers: content-type
origin: http://34.22.73.96
user-agent: Mozilla/5.0 (Macintosh; Intel Mac OS X 10_15_7) AppleWebKit/537.36 (KHTML, like Gecko) Chrome/123.0.0.0 Safari/537.36
sec-fetch-mode: cors
referer: http://34.22.73.96/
accept-encoding: gzip, deflate
accept-language: ko,en-US;q=0.9,en;q=0.8


Security filter chain: [
  DisableEncodeUrlFilter
  WebAsyncManagerIntegrationFilter
  SecurityContextHolderFilter
  HeaderWriterFilter
  CorsFilter
  CustomLogoutFilter
  LogoutFilter
  OAuth2AuthorizationRequestRedirectFilter
  OAuth2LoginAuthenticationFilter
  JwtFilter
  LoginFilter
  DefaultLoginPageGeneratingFilter
  DefaultLogoutPageGeneratingFilter
  RequestCacheAwareFilter
  SecurityContextHolderAwareRequestFilter
  AnonymousAuthenticationFilter
  SessionManagementFilter
  ExceptionTranslationFilter
  AuthorizationFilter
]


************************************************************


2024-04-17T14:11:16.116Z  INFO 68343 --- [io-8080-exec-10] Spring Security Debugger                 : 

************************************************************

Request received for POST '/login':

org.apache.catalina.connector.RequestFacade@52764b4c

servletPath:/login
pathInfo:null
headers: 
host: 34.22.73.96:8080
connection: keep-alive
content-length: 45
pragma: no-cache
cache-control: no-cache
accept: application/json, text/plain, */*
user-agent: Mozilla/5.0 (Macintosh; Intel Mac OS X 10_15_7) AppleWebKit/537.36 (KHTML, like Gecko) Chrome/123.0.0.0 Safari/537.36
content-type: application/json
origin: http://34.22.73.96
referer: http://34.22.73.96/
accept-encoding: gzip, deflate
accept-language: ko,en-US;q=0.9,en;q=0.8


Security filter chain: [
  DisableEncodeUrlFilter
  WebAsyncManagerIntegrationFilter
  SecurityContextHolderFilter
  HeaderWriterFilter
  CorsFilter
  CustomLogoutFilter
  LogoutFilter
  OAuth2AuthorizationRequestRedirectFilter
  OAuth2LoginAuthenticationFilter
  JwtFilter
  LoginFilter
  DefaultLoginPageGeneratingFilter
  DefaultLogoutPageGeneratingFilter
  RequestCacheAwareFilter
  SecurityContextHolderAwareRequestFilter
  AnonymousAuthenticationFilter
  SessionManagementFilter
  ExceptionTranslationFilter
  AuthorizationFilter
]


************************************************************


2024-04-17T14:11:16.121Z  INFO 68343 --- [io-8080-exec-10] c.e.b.c.s.filter.CustomLogoutFilter      : CustomLogoutFilter, /logout [POST] not match.
2024-04-17T14:11:16.125Z  INFO 68343 --- [io-8080-exec-10] c.e.b.config.security.filter.JwtFilter   : access token null
2024-04-17T14:11:16.136Z  INFO 68343 --- [io-8080-exec-10] c.e.b.c.s.s.CustomUserDetailsService     : loadUserByUsername, email:elice@gmail.com
Hibernate: 
    select
        u1_0.id,
        u1_0.address,
        u1_0.created_at,
        u1_0.created_by,
        u1_0.date_of_birth,
        u1_0.email,
        u1_0.is_exist,
        u1_0.modified_by,
        u1_0.password,
        u1_0.phone_number,
        u1_0.point,
        u1_0.role,
        u1_0.updated_at,
        u1_0.user_id,
        u1_0.user_name 
    from
        user u1_0 
    where
        u1_0.email=? 
        and u1_0.is_exist=?
2024-04-17T14:11:16.157Z  INFO 68343 --- [io-8080-exec-10] p6spy                                    : #1713363076156 | took 6ms | statement | connection 4| url jdbc:mysql://localhost:5000/elice
select u1_0.id,u1_0.address,u1_0.created_at,u1_0.created_by,u1_0.date_of_birth,u1_0.email,u1_0.is_exist,u1_0.modified_by,u1_0.password,u1_0.phone_number,u1_0.point,u1_0.role,u1_0.updated_at,u1_0.user_id,u1_0.user_name from user u1_0 where u1_0.email=? and u1_0.is_exist=?
select u1_0.id,u1_0.address,u1_0.created_at,u1_0.created_by,u1_0.date_of_birth,u1_0.email,u1_0.is_exist,u1_0.modified_by,u1_0.password,u1_0.phone_number,u1_0.point,u1_0.role,u1_0.updated_at,u1_0.user_id,u1_0.user_name from user u1_0 where u1_0.email='elice@gmail.com' and u1_0.is_exist=true;
2024-04-17T14:11:16.293Z  INFO 68343 --- [io-8080-exec-10] c.e.b.c.security.filter.LoginFilter      : id: 5, role: USER
Hibernate: 
    insert 
    into
        refresh
        (expiration, refresh, user_id) 
    values
        (?, ?, ?)
2024-04-17T14:11:16.339Z  INFO 68343 --- [io-8080-exec-10] p6spy                                    : #1713363076339 | took 1ms | statement | connection 5| url jdbc:mysql://localhost:5000/elice
insert into refresh (expiration,refresh,user_id) values (?,?,?)
insert into refresh (expiration,refresh,user_id) values ('Thu Apr 18 14:11:16 UTC 2024','eyJhbGciOiJIUzI1NiJ9.eyJ0eXBlIjoicmVmcmVzaCIsImlkIjoiNSIsInJvbGUiOiJVU0VSIiwiaWF0IjoxNzEzMzYzMDc2LCJleHAiOjE3MTM0NDk0NzZ9.8n-Q_Usy8mMI3n3EKQF6Mc0UpTPFjIYXJtgnhwTo53I','5');
2024-04-17T14:11:16.346Z  INFO 68343 --- [io-8080-exec-10] p6spy                                    : #1713363076346 | took 5ms | commit | connection 5| url jdbc:mysql://localhost:5000/elice

;
2024-04-17T14:30:40.884Z  INFO 68343 --- [nio-8080-exec-4] Spring Security Debugger                 : 

************************************************************

Request received for GET '/':

org.apache.catalina.connector.RequestFacade@173e47b3

servletPath:/
pathInfo:null
headers: 
user-agent: Mozilla/5.0 (compatible; Discordbot/2.0; +https://discordapp.com)
host: 34.22.73.96:8080


Security filter chain: [
  DisableEncodeUrlFilter
  WebAsyncManagerIntegrationFilter
  SecurityContextHolderFilter
  HeaderWriterFilter
  CorsFilter
  CustomLogoutFilter
  LogoutFilter
  OAuth2AuthorizationRequestRedirectFilter
  OAuth2LoginAuthenticationFilter
  JwtFilter
  LoginFilter
  DefaultLoginPageGeneratingFilter
  DefaultLogoutPageGeneratingFilter
  RequestCacheAwareFilter
  SecurityContextHolderAwareRequestFilter
  AnonymousAuthenticationFilter
  SessionManagementFilter
  ExceptionTranslationFilter
  AuthorizationFilter
]


************************************************************


2024-04-17T14:30:40.888Z  INFO 68343 --- [nio-8080-exec-4] c.e.b.c.s.filter.CustomLogoutFilter      : CustomLogoutFilter, /logout [POST] not match.
2024-04-17T14:30:40.890Z  INFO 68343 --- [nio-8080-exec-4] c.e.b.config.security.filter.JwtFilter   : access token null
2024-04-17T14:30:40.902Z ERROR 68343 --- [nio-8080-exec-4] c.e.b.c.e.global.GlobalExceptionHandler  : No static resource .
2024-04-17T14:31:16.922Z  INFO 68343 --- [nio-8080-exec-5] Spring Security Debugger                 : 

************************************************************

Request received for GET '/':

org.apache.catalina.connector.RequestFacade@7bab84ed

servletPath:/
pathInfo:null
headers: 
user-agent: Mozilla/5.0 (compatible; Discordbot/2.0; +https://discordapp.com)
host: 34.22.73.96:8080


Security filter chain: [
  DisableEncodeUrlFilter
  WebAsyncManagerIntegrationFilter
  SecurityContextHolderFilter
  HeaderWriterFilter
  CorsFilter
  CustomLogoutFilter
  LogoutFilter
  OAuth2AuthorizationRequestRedirectFilter
  OAuth2LoginAuthenticationFilter
  JwtFilter
  LoginFilter
  DefaultLoginPageGeneratingFilter
  DefaultLogoutPageGeneratingFilter
  RequestCacheAwareFilter
  SecurityContextHolderAwareRequestFilter
  AnonymousAuthenticationFilter
  SessionManagementFilter
  ExceptionTranslationFilter
  AuthorizationFilter
]


************************************************************


2024-04-17T14:31:16.925Z  INFO 68343 --- [nio-8080-exec-5] c.e.b.c.s.filter.CustomLogoutFilter      : CustomLogoutFilter, /logout [POST] not match.
2024-04-17T14:31:16.926Z  INFO 68343 --- [nio-8080-exec-5] c.e.b.config.security.filter.JwtFilter   : access token null
2024-04-17T14:31:16.929Z ERROR 68343 --- [nio-8080-exec-5] c.e.b.c.e.global.GlobalExceptionHandler  : No static resource .
2024-04-17T14:31:42.104Z  INFO 68343 --- [nio-8080-exec-6] Spring Security Debugger                 : 

************************************************************

Request received for GET '/':

org.apache.catalina.connector.RequestFacade@7ece4834

servletPath:/
pathInfo:null
headers: 
user-agent: Mozilla/5.0 (compatible; Discordbot/2.0; +https://discordapp.com)
host: 34.22.73.96:8080


Security filter chain: [
  DisableEncodeUrlFilter
  WebAsyncManagerIntegrationFilter
  SecurityContextHolderFilter
  HeaderWriterFilter
  CorsFilter
  CustomLogoutFilter
  LogoutFilter
  OAuth2AuthorizationRequestRedirectFilter
  OAuth2LoginAuthenticationFilter
  JwtFilter
  LoginFilter
  DefaultLoginPageGeneratingFilter
  DefaultLogoutPageGeneratingFilter
  RequestCacheAwareFilter
  SecurityContextHolderAwareRequestFilter
  AnonymousAuthenticationFilter
  SessionManagementFilter
  ExceptionTranslationFilter
  AuthorizationFilter
]


************************************************************


2024-04-17T14:31:42.106Z  INFO 68343 --- [nio-8080-exec-6] c.e.b.c.s.filter.CustomLogoutFilter      : CustomLogoutFilter, /logout [POST] not match.
2024-04-17T14:31:42.107Z  INFO 68343 --- [nio-8080-exec-6] c.e.b.config.security.filter.JwtFilter   : access token null
2024-04-17T14:31:42.109Z ERROR 68343 --- [nio-8080-exec-6] c.e.b.c.e.global.GlobalExceptionHandler  : No static resource .
2024-04-17T14:32:41.784Z  INFO 68343 --- [nio-8080-exec-7] Spring Security Debugger                 : 

************************************************************

Request received for GET '/':

org.apache.catalina.connector.RequestFacade@3c156a5e

servletPath:/
pathInfo:null
headers: 
user-agent: Mozilla/5.0 (compatible; Discordbot/2.0; +https://discordapp.com)
host: 34.22.73.96:8080


Security filter chain: [
  DisableEncodeUrlFilter
  WebAsyncManagerIntegrationFilter
  SecurityContextHolderFilter
  HeaderWriterFilter
  CorsFilter
  CustomLogoutFilter
  LogoutFilter
  OAuth2AuthorizationRequestRedirectFilter
  OAuth2LoginAuthenticationFilter
  JwtFilter
  LoginFilter
  DefaultLoginPageGeneratingFilter
  DefaultLogoutPageGeneratingFilter
  RequestCacheAwareFilter
  SecurityContextHolderAwareRequestFilter
  AnonymousAuthenticationFilter
  SessionManagementFilter
  ExceptionTranslationFilter
  AuthorizationFilter
]


************************************************************


2024-04-17T14:32:41.785Z  INFO 68343 --- [nio-8080-exec-7] c.e.b.c.s.filter.CustomLogoutFilter      : CustomLogoutFilter, /logout [POST] not match.
2024-04-17T14:32:41.786Z  INFO 68343 --- [nio-8080-exec-7] c.e.b.config.security.filter.JwtFilter   : access token null
2024-04-17T14:32:41.788Z ERROR 68343 --- [nio-8080-exec-7] c.e.b.c.e.global.GlobalExceptionHandler  : No static resource .
